<?xml version="1.0" encoding="UTF-8"?>
<coverage generated="1489612596536" clover="3.2.0">
  <project timestamp="1489612596536" name="All files">
    <metrics statements="73" coveredstatements="72" conditionals="60" coveredconditionals="57" methods="23" coveredmethods="23" elements="156" coveredelements="152" complexity="0" loc="73" ncloc="73" packages="1" files="3" classes="3">
      <file name="deepsearch.js" path="E:\source\angular-runtime-dependency-mapper\src\deepsearch.js">
        <metrics statements="15" coveredstatements="15" conditionals="15" coveredconditionals="15" methods="2" coveredmethods="2"/>
        <line num="3" count="4" type="stmt"/>
        <line num="4" count="244" type="stmt"/>
        <line num="5" count="244" type="stmt"/>
        <line num="6" count="244" type="stmt"/>
        <line num="7" count="244" type="stmt"/>
        <line num="8" count="244" type="stmt"/>
        <line num="9" count="244" type="stmt"/>
        <line num="10" count="2" type="stmt"/>
        <line num="11" count="242" type="stmt"/>
        <line num="12" count="104" type="stmt"/>
        <line num="13" count="138" type="stmt"/>
        <line num="14" count="240" type="stmt"/>
        <line num="15" count="240" type="stmt"/>
        <line num="16" count="240" type="stmt"/>
        <line num="17" count="22" type="stmt"/>
      </file>
      <file name="mapper.js" path="E:\source\angular-runtime-dependency-mapper\src\mapper.js">
        <metrics statements="52" coveredstatements="51" conditionals="41" coveredconditionals="38" methods="18" coveredmethods="18"/>
        <line num="14" count="8" type="stmt"/>
        <line num="15" count="8" type="stmt"/>
        <line num="16" count="8" type="stmt"/>
        <line num="19" count="8" type="stmt"/>
        <line num="29" count="28" type="stmt"/>
        <line num="30" count="28" type="stmt"/>
        <line num="31" count="4" type="stmt"/>
        <line num="32" count="4" type="stmt"/>
        <line num="34" count="28" type="stmt"/>
        <line num="35" count="54" type="stmt"/>
        <line num="36" count="54" type="stmt"/>
        <line num="39" count="28" type="stmt"/>
        <line num="40" count="20" type="stmt"/>
        <line num="41" count="20" type="stmt"/>
        <line num="42" count="28" type="stmt"/>
        <line num="58" count="44" type="stmt"/>
        <line num="60" count="40" type="stmt"/>
        <line num="62" count="40" type="stmt"/>
        <line num="64" count="428" type="stmt"/>
        <line num="66" count="428" type="stmt"/>
        <line num="67" count="428" type="stmt"/>
        <line num="69" count="2312" type="stmt"/>
        <line num="70" count="2312" type="stmt"/>
        <line num="71" count="2312" type="stmt"/>
        <line num="73" count="428" type="stmt"/>
        <line num="75" count="40" type="stmt"/>
        <line num="77" count="4" type="stmt"/>
        <line num="89" count="44" type="stmt"/>
        <line num="90" count="264" type="stmt"/>
        <line num="91" count="264" type="stmt"/>
        <line num="93" count="44" type="stmt"/>
        <line num="111" count="4" type="stmt"/>
        <line num="112" count="4" type="stmt"/>
        <line num="113" count="4" type="stmt"/>
        <line num="114" count="244" type="stmt"/>
        <line num="116" count="244" type="stmt"/>
        <line num="117" count="12" type="stmt"/>
        <line num="118" count="2" type="stmt"/>
        <line num="124" count="4" type="stmt"/>
        <line num="125" count="4" type="stmt"/>
        <line num="142" count="54" type="stmt"/>
        <line num="143" count="54" type="stmt"/>
        <line num="144" count="54" type="stmt"/>
        <line num="145" count="54" type="stmt"/>
        <line num="146" count="54" type="stmt"/>
        <line num="147" count="34" type="stmt"/>
        <line num="148" count="20" type="stmt"/>
        <line num="149" count="2" type="stmt"/>
        <line num="150" count="18" type="stmt"/>
        <line num="151" count="0" type="stmt"/>
        <line num="152" count="18" type="stmt"/>
        <line num="153" count="4" type="stmt"/>
      </file>
      <file name="traverse.js" path="E:\source\angular-runtime-dependency-mapper\src\traverse.js">
        <metrics statements="6" coveredstatements="6" conditionals="4" coveredconditionals="4" methods="3" coveredmethods="3"/>
        <line num="3" count="40" type="stmt"/>
        <line num="4" count="428" type="stmt"/>
        <line num="5" count="428" type="stmt"/>
        <line num="6" count="268" type="stmt"/>
        <line num="7" count="388" type="stmt"/>
        <line num="10" count="160" type="stmt"/>
      </file>
    </metrics>
  </project>
</coverage>
