{"E:\\source\\angular-runtime-dependency-mapper\\src\\deepsearch.js": {"path":"E:\\source\\angular-runtime-dependency-mapper\\src\\deepsearch.js","statementMap":{"0":{"start":{"line":3,"column":2},"end":{"line":19,"column":3}},"1":{"start":{"line":4,"column":17},"end":{"line":4,"column":53}},"2":{"start":{"line":5,"column":18},"end":{"line":5,"column":43}},"3":{"start":{"line":6,"column":18},"end":{"line":6,"column":44}},"4":{"start":{"line":7,"column":21},"end":{"line":7,"column":53}},"5":{"start":{"line":8,"column":19},"end":{"line":8,"column":33}},"6":{"start":{"line":9,"column":4},"end":{"line":12,"column":19}},"7":{"start":{"line":10,"column":6},"end":{"line":10,"column":19}},"8":{"start":{"line":11,"column":9},"end":{"line":12,"column":19}},"9":{"start":{"line":12,"column":6},"end":{"line":12,"column":19}},"10":{"start":{"line":13,"column":4},"end":{"line":18,"column":5}},"11":{"start":{"line":14,"column":19},"end":{"line":14,"column":61}},"12":{"start":{"line":15,"column":20},"end":{"line":15,"column":49}},"13":{"start":{"line":16,"column":6},"end":{"line":17,"column":20}},"14":{"start":{"line":17,"column":8},"end":{"line":17,"column":20}}},"fnMap":{"0":{"name":"deepsearch","decl":{"start":{"line":1,"column":24},"end":{"line":1,"column":34}},"loc":{"start":{"line":1,"column":41},"end":{"line":21,"column":1}}},"1":{"name":"recurse","decl":{"start":{"line":3,"column":18},"end":{"line":3,"column":25}},"loc":{"start":{"line":3,"column":49},"end":{"line":19,"column":3}}}},"branchMap":{"0":{"loc":{"start":{"line":3,"column":36},"end":{"line":3,"column":47}},"type":"default-arg","locations":[{"start":{"line":3,"column":43},"end":{"line":3,"column":47}}]},"1":{"loc":{"start":{"line":7,"column":21},"end":{"line":7,"column":53}},"type":"cond-expr","locations":[{"start":{"line":7,"column":29},"end":{"line":7,"column":33}},{"start":{"line":7,"column":36},"end":{"line":7,"column":53}}]},"2":{"loc":{"start":{"line":9,"column":4},"end":{"line":12,"column":19}},"type":"if","locations":[{"start":{"line":9,"column":4},"end":{"line":12,"column":19}},{"start":{"line":9,"column":4},"end":{"line":12,"column":19}}]},"3":{"loc":{"start":{"line":11,"column":9},"end":{"line":12,"column":19}},"type":"if","locations":[{"start":{"line":11,"column":9},"end":{"line":12,"column":19}},{"start":{"line":11,"column":9},"end":{"line":12,"column":19}}]},"4":{"loc":{"start":{"line":11,"column":13},"end":{"line":11,"column":29}},"type":"binary-expr","locations":[{"start":{"line":11,"column":13},"end":{"line":11,"column":19}},{"start":{"line":11,"column":23},"end":{"line":11,"column":29}}]},"5":{"loc":{"start":{"line":14,"column":19},"end":{"line":14,"column":61}},"type":"cond-expr","locations":[{"start":{"line":14,"column":46},"end":{"line":14,"column":55}},{"start":{"line":14,"column":58},"end":{"line":14,"column":61}}]},"6":{"loc":{"start":{"line":15,"column":38},"end":{"line":15,"column":48}},"type":"binary-expr","locations":[{"start":{"line":15,"column":38},"end":{"line":15,"column":42}},{"start":{"line":15,"column":46},"end":{"line":15,"column":48}}]},"7":{"loc":{"start":{"line":16,"column":6},"end":{"line":17,"column":20}},"type":"if","locations":[{"start":{"line":16,"column":6},"end":{"line":17,"column":20}},{"start":{"line":16,"column":6},"end":{"line":17,"column":20}}]}},"s":{"0":4,"1":244,"2":244,"3":244,"4":244,"5":244,"6":244,"7":2,"8":242,"9":104,"10":138,"11":240,"12":240,"13":240,"14":22},"f":{"0":4,"1":244},"b":{"0":[4],"1":[26,218],"2":[2,242],"3":[104,138],"4":[242,216],"5":[216,24],"6":[240,46],"7":[22,218]},"_coverageSchema":"332fd63041d2c1bcb487cc26dd0d5f7d97098a6c","hash":"46dcec1423348e9c6e23c20aeebd102fdf283ec9"}
,"E:\\source\\angular-runtime-dependency-mapper\\src\\mapper.js": {"path":"E:\\source\\angular-runtime-dependency-mapper\\src\\mapper.js","statementMap":{"0":{"start":{"line":14,"column":55},"end":{"line":20,"column":2}},"1":{"start":{"line":15,"column":23},"end":{"line":18,"column":22}},"2":{"start":{"line":16,"column":33},"end":{"line":16,"column":90}},"3":{"start":{"line":19,"column":2},"end":{"line":19,"column":23}},"4":{"start":{"line":29,"column":64},"end":{"line":29,"column":90}},"5":{"start":{"line":30,"column":23},"end":{"line":33,"column":8}},"6":{"start":{"line":31,"column":16},"end":{"line":31,"column":68}},"7":{"start":{"line":32,"column":4},"end":{"line":32,"column":40}},"8":{"start":{"line":34,"column":18},"end":{"line":37,"column":8}},"9":{"start":{"line":35,"column":16},"end":{"line":35,"column":75}},"10":{"start":{"line":36,"column":4},"end":{"line":36,"column":40}},"11":{"start":{"line":39,"column":29},"end":{"line":41,"column":105}},"12":{"start":{"line":40,"column":20},"end":{"line":40,"column":47}},"13":{"start":{"line":41,"column":38},"end":{"line":41,"column":100}},"14":{"start":{"line":42,"column":2},"end":{"line":47,"column":3}},"15":{"start":{"line":58,"column":2},"end":{"line":78,"column":3}},"16":{"start":{"line":60,"column":20},"end":{"line":60,"column":54}},"17":{"start":{"line":62,"column":25},"end":{"line":74,"column":6}},"18":{"start":{"line":64,"column":23},"end":{"line":64,"column":68}},"19":{"start":{"line":66,"column":23},"end":{"line":66,"column":90}},"20":{"start":{"line":66,"column":51},"end":{"line":66,"column":89}},"21":{"start":{"line":67,"column":28},"end":{"line":72,"column":12}},"22":{"start":{"line":69,"column":30},"end":{"line":69,"column":58}},"23":{"start":{"line":70,"column":30},"end":{"line":70,"column":96}},"24":{"start":{"line":71,"column":8},"end":{"line":71,"column":50}},"25":{"start":{"line":73,"column":6},"end":{"line":73,"column":41}},"26":{"start":{"line":75,"column":4},"end":{"line":75,"column":35}},"27":{"start":{"line":77,"column":4},"end":{"line":77,"column":14}},"28":{"start":{"line":89,"column":20},"end":{"line":92,"column":8}},"29":{"start":{"line":90,"column":25},"end":{"line":90,"column":67}},"30":{"start":{"line":91,"column":4},"end":{"line":91,"column":45}},"31":{"start":{"line":93,"column":2},"end":{"line":93,"column":30}},"32":{"start":{"line":111,"column":24},"end":{"line":111,"column":43}},"33":{"start":{"line":112,"column":14},"end":{"line":112,"column":44}},"34":{"start":{"line":113,"column":15},"end":{"line":122,"column":4}},"35":{"start":{"line":114,"column":4},"end":{"line":121,"column":5}},"36":{"start":{"line":116,"column":6},"end":{"line":120,"column":7}},"37":{"start":{"line":117,"column":8},"end":{"line":119,"column":9}},"38":{"start":{"line":117,"column":38},"end":{"line":117,"column":68}},"39":{"start":{"line":118,"column":10},"end":{"line":118,"column":21}},"40":{"start":{"line":124,"column":15},"end":{"line":124,"column":70}},"41":{"start":{"line":125,"column":2},"end":{"line":125,"column":55}},"42":{"start":{"line":142,"column":21},"end":{"line":142,"column":31}},"43":{"start":{"line":143,"column":15},"end":{"line":143,"column":49}},"44":{"start":{"line":144,"column":22},"end":{"line":144,"column":42}},"45":{"start":{"line":145,"column":22},"end":{"line":145,"column":42}},"46":{"start":{"line":146,"column":2},"end":{"line":153,"column":87}},"47":{"start":{"line":147,"column":4},"end":{"line":147,"column":34}},"48":{"start":{"line":148,"column":7},"end":{"line":153,"column":87}},"49":{"start":{"line":149,"column":4},"end":{"line":149,"column":48}},"50":{"start":{"line":150,"column":7},"end":{"line":153,"column":87}},"51":{"start":{"line":151,"column":4},"end":{"line":151,"column":51}},"52":{"start":{"line":152,"column":7},"end":{"line":153,"column":87}},"53":{"start":{"line":153,"column":4},"end":{"line":153,"column":87}}},"fnMap":{"0":{"name":"(anonymous_0)","decl":{"start":{"line":14,"column":15},"end":{"line":14,"column":16}},"loc":{"start":{"line":14,"column":55},"end":{"line":20,"column":2}}},"1":{"name":"(anonymous_1)","decl":{"start":{"line":14,"column":67},"end":{"line":14,"column":68}},"loc":{"start":{"line":14,"column":88},"end":{"line":20,"column":1}}},"2":{"name":"(anonymous_2)","decl":{"start":{"line":16,"column":12},"end":{"line":16,"column":13}},"loc":{"start":{"line":16,"column":33},"end":{"line":16,"column":90}}},"3":{"name":"reduceModules","decl":{"start":{"line":28,"column":9},"end":{"line":28,"column":22}},"loc":{"start":{"line":28,"column":67},"end":{"line":48,"column":1}}},"4":{"name":"(anonymous_4)","decl":{"start":{"line":30,"column":44},"end":{"line":30,"column":45}},"loc":{"start":{"line":30,"column":60},"end":{"line":33,"column":3}}},"5":{"name":"(anonymous_5)","decl":{"start":{"line":34,"column":38},"end":{"line":34,"column":39}},"loc":{"start":{"line":34,"column":54},"end":{"line":37,"column":3}}},"6":{"name":"(anonymous_6)","decl":{"start":{"line":40,"column":12},"end":{"line":40,"column":13}},"loc":{"start":{"line":40,"column":20},"end":{"line":40,"column":47}}},"7":{"name":"(anonymous_7)","decl":{"start":{"line":41,"column":12},"end":{"line":41,"column":13}},"loc":{"start":{"line":41,"column":38},"end":{"line":41,"column":100}}},"8":{"name":"mapDependencies","decl":{"start":{"line":57,"column":9},"end":{"line":57,"column":24}},"loc":{"start":{"line":57,"column":43},"end":{"line":79,"column":1}}},"9":{"name":"(anonymous_9)","decl":{"start":{"line":62,"column":43},"end":{"line":62,"column":44}},"loc":{"start":{"line":62,"column":58},"end":{"line":74,"column":5}}},"10":{"name":"(anonymous_10)","decl":{"start":{"line":66,"column":46},"end":{"line":66,"column":47}},"loc":{"start":{"line":66,"column":51},"end":{"line":66,"column":89}}},"11":{"name":"(anonymous_11)","decl":{"start":{"line":67,"column":40},"end":{"line":67,"column":41}},"loc":{"start":{"line":67,"column":55},"end":{"line":72,"column":7}}},"12":{"name":"mapDependers","decl":{"start":{"line":88,"column":9},"end":{"line":88,"column":21}},"loc":{"start":{"line":88,"column":40},"end":{"line":94,"column":1}}},"13":{"name":"(anonymous_13)","decl":{"start":{"line":89,"column":32},"end":{"line":89,"column":33}},"loc":{"start":{"line":89,"column":47},"end":{"line":92,"column":3}}},"14":{"name":"reduceConfigBlocks","decl":{"start":{"line":110,"column":9},"end":{"line":110,"column":27}},"loc":{"start":{"line":110,"column":58},"end":{"line":126,"column":1}}},"15":{"name":"(anonymous_15)","decl":{"start":{"line":113,"column":31},"end":{"line":113,"column":32}},"loc":{"start":{"line":113,"column":41},"end":{"line":122,"column":3}}},"16":{"name":"(anonymous_16)","decl":{"start":{"line":117,"column":33},"end":{"line":117,"column":34}},"loc":{"start":{"line":117,"column":38},"end":{"line":117,"column":68}}},"17":{"name":"reduceInvokeQueue","decl":{"start":{"line":141,"column":9},"end":{"line":141,"column":26}},"loc":{"start":{"line":141,"column":60},"end":{"line":154,"column":1}}}},"branchMap":{"0":{"loc":{"start":{"line":32,"column":11},"end":{"line":32,"column":40}},"type":"cond-expr","locations":[{"start":{"line":32,"column":17},"end":{"line":32,"column":33}},{"start":{"line":32,"column":36},"end":{"line":32,"column":40}}]},"1":{"loc":{"start":{"line":36,"column":11},"end":{"line":36,"column":40}},"type":"cond-expr","locations":[{"start":{"line":36,"column":17},"end":{"line":36,"column":33}},{"start":{"line":36,"column":36},"end":{"line":36,"column":40}}]},"2":{"loc":{"start":{"line":58,"column":2},"end":{"line":78,"column":3}},"type":"if","locations":[{"start":{"line":58,"column":2},"end":{"line":78,"column":3}},{"start":{"line":58,"column":2},"end":{"line":78,"column":3}}]},"3":{"loc":{"start":{"line":66,"column":24},"end":{"line":66,"column":40}},"type":"binary-expr","locations":[{"start":{"line":66,"column":24},"end":{"line":66,"column":34}},{"start":{"line":66,"column":38},"end":{"line":66,"column":40}}]},"4":{"loc":{"start":{"line":69,"column":31},"end":{"line":69,"column":43}},"type":"binary-expr","locations":[{"start":{"line":69,"column":31},"end":{"line":69,"column":37}},{"start":{"line":69,"column":41},"end":{"line":69,"column":43}}]},"5":{"loc":{"start":{"line":70,"column":30},"end":{"line":70,"column":96}},"type":"binary-expr","locations":[{"start":{"line":70,"column":30},"end":{"line":70,"column":56}},{"start":{"line":70,"column":60},"end":{"line":70,"column":96}}]},"6":{"loc":{"start":{"line":71,"column":15},"end":{"line":71,"column":50}},"type":"cond-expr","locations":[{"start":{"line":71,"column":31},"end":{"line":71,"column":44}},{"start":{"line":71,"column":47},"end":{"line":71,"column":50}}]},"7":{"loc":{"start":{"line":90,"column":26},"end":{"line":90,"column":46}},"type":"binary-expr","locations":[{"start":{"line":90,"column":26},"end":{"line":90,"column":40}},{"start":{"line":90,"column":44},"end":{"line":90,"column":46}}]},"8":{"loc":{"start":{"line":91,"column":11},"end":{"line":91,"column":45}},"type":"cond-expr","locations":[{"start":{"line":91,"column":27},"end":{"line":91,"column":30}},{"start":{"line":91,"column":33},"end":{"line":91,"column":45}}]},"9":{"loc":{"start":{"line":114,"column":4},"end":{"line":121,"column":5}},"type":"if","locations":[{"start":{"line":114,"column":4},"end":{"line":121,"column":5}},{"start":{"line":114,"column":4},"end":{"line":121,"column":5}}]},"10":{"loc":{"start":{"line":116,"column":6},"end":{"line":120,"column":7}},"type":"if","locations":[{"start":{"line":116,"column":6},"end":{"line":120,"column":7}},{"start":{"line":116,"column":6},"end":{"line":120,"column":7}}]},"11":{"loc":{"start":{"line":117,"column":8},"end":{"line":119,"column":9}},"type":"if","locations":[{"start":{"line":117,"column":8},"end":{"line":119,"column":9}},{"start":{"line":117,"column":8},"end":{"line":119,"column":9}}]},"12":{"loc":{"start":{"line":124,"column":15},"end":{"line":124,"column":70}},"type":"cond-expr","locations":[{"start":{"line":124,"column":23},"end":{"line":124,"column":25}},{"start":{"line":124,"column":28},"end":{"line":124,"column":70}}]},"13":{"loc":{"start":{"line":146,"column":2},"end":{"line":153,"column":87}},"type":"if","locations":[{"start":{"line":146,"column":2},"end":{"line":153,"column":87}},{"start":{"line":146,"column":2},"end":{"line":153,"column":87}}]},"14":{"loc":{"start":{"line":148,"column":7},"end":{"line":153,"column":87}},"type":"if","locations":[{"start":{"line":148,"column":7},"end":{"line":153,"column":87}},{"start":{"line":148,"column":7},"end":{"line":153,"column":87}}]},"15":{"loc":{"start":{"line":148,"column":11},"end":{"line":148,"column":58}},"type":"binary-expr","locations":[{"start":{"line":148,"column":11},"end":{"line":148,"column":22}},{"start":{"line":148,"column":26},"end":{"line":148,"column":58}}]},"16":{"loc":{"start":{"line":150,"column":7},"end":{"line":153,"column":87}},"type":"if","locations":[{"start":{"line":150,"column":7},"end":{"line":153,"column":87}},{"start":{"line":150,"column":7},"end":{"line":153,"column":87}}]},"17":{"loc":{"start":{"line":150,"column":11},"end":{"line":150,"column":49}},"type":"binary-expr","locations":[{"start":{"line":150,"column":11},"end":{"line":150,"column":22}},{"start":{"line":150,"column":26},"end":{"line":150,"column":49}}]},"18":{"loc":{"start":{"line":152,"column":7},"end":{"line":153,"column":87}},"type":"if","locations":[{"start":{"line":152,"column":7},"end":{"line":153,"column":87}},{"start":{"line":152,"column":7},"end":{"line":153,"column":87}}]},"19":{"loc":{"start":{"line":152,"column":11},"end":{"line":152,"column":47}},"type":"binary-expr","locations":[{"start":{"line":152,"column":11},"end":{"line":152,"column":22}},{"start":{"line":152,"column":26},"end":{"line":152,"column":47}}]}},"s":{"0":4,"1":4,"2":4,"3":4,"4":8,"5":8,"6":4,"7":4,"8":8,"9":34,"10":34,"11":8,"12":4,"13":4,"14":8,"15":28,"16":24,"17":24,"18":200,"19":200,"20":8,"21":200,"22":1400,"23":1400,"24":1400,"25":200,"26":24,"27":4,"28":28,"29":200,"30":200,"31":28,"32":4,"33":4,"34":4,"35":244,"36":244,"37":6,"38":12,"39":2,"40":4,"41":4,"42":34,"43":34,"44":34,"45":34,"46":34,"47":18,"48":16,"49":2,"50":14,"51":0,"52":14,"53":4},"f":{"0":4,"1":4,"2":4,"3":8,"4":4,"5":34,"6":4,"7":4,"8":28,"9":200,"10":8,"11":1400,"12":28,"13":200,"14":4,"15":244,"16":12,"17":34},"b":{"0":[4,0],"1":[24,10],"2":[24,4],"3":[200,84],"4":[1400,200],"5":[1400,1388],"6":[20,1380],"7":[200,28],"8":[180,20],"9":[244,0],"10":[6,238],"11":[2,4],"12":[2,2],"13":[18,16],"14":[2,14],"15":[16,6],"16":[0,14],"17":[14,4],"18":[4,10],"19":[14,4]},"_coverageSchema":"332fd63041d2c1bcb487cc26dd0d5f7d97098a6c","hash":"d972264c70e461c931efb4abc5cf0e0455005d8b"}
,"E:\\source\\angular-runtime-dependency-mapper\\src\\traverse.js": {"path":"E:\\source\\angular-runtime-dependency-mapper\\src\\traverse.js","statementMap":{"0":{"start":{"line":3,"column":2},"end":{"line":12,"column":3}},"1":{"start":{"line":4,"column":21},"end":{"line":4,"column":41}},"2":{"start":{"line":5,"column":4},"end":{"line":11,"column":5}},"3":{"start":{"line":6,"column":6},"end":{"line":8,"column":18}},"4":{"start":{"line":7,"column":8},"end":{"line":7,"column":44}},"5":{"start":{"line":10,"column":6},"end":{"line":10,"column":21}}},"fnMap":{"0":{"name":"traverse","decl":{"start":{"line":1,"column":24},"end":{"line":1,"column":32}},"loc":{"start":{"line":1,"column":39},"end":{"line":14,"column":1}}},"1":{"name":"recurse","decl":{"start":{"line":3,"column":18},"end":{"line":3,"column":25}},"loc":{"start":{"line":3,"column":60},"end":{"line":12,"column":3}}},"2":{"name":"(anonymous_2)","decl":{"start":{"line":6,"column":36},"end":{"line":6,"column":37}},"loc":{"start":{"line":6,"column":52},"end":{"line":8,"column":7}}}},"branchMap":{"0":{"loc":{"start":{"line":3,"column":36},"end":{"line":3,"column":47}},"type":"default-arg","locations":[{"start":{"line":3,"column":43},"end":{"line":3,"column":47}}]},"1":{"loc":{"start":{"line":3,"column":49},"end":{"line":3,"column":58}},"type":"default-arg","locations":[{"start":{"line":3,"column":56},"end":{"line":3,"column":58}}]},"2":{"loc":{"start":{"line":5,"column":4},"end":{"line":11,"column":5}},"type":"if","locations":[{"start":{"line":5,"column":4},"end":{"line":11,"column":5}},{"start":{"line":5,"column":4},"end":{"line":11,"column":5}}]}},"s":{"0":24,"1":200,"2":200,"3":140,"4":176,"5":60},"f":{"0":24,"1":200,"2":176},"b":{"0":[24],"1":[24],"2":[140,60]},"_coverageSchema":"332fd63041d2c1bcb487cc26dd0d5f7d97098a6c","hash":"9299d53dcdf4c21283dc3269b751f721ee9d662d"}
}
