{"E:\\source\\angular-runtime-dependency-mapper\\src\\deepsearch.js": {"path":"E:\\source\\angular-runtime-dependency-mapper\\src\\deepsearch.js","statementMap":{"0":{"start":{"line":3,"column":2},"end":{"line":19,"column":3}},"1":{"start":{"line":4,"column":17},"end":{"line":4,"column":53}},"2":{"start":{"line":5,"column":18},"end":{"line":5,"column":43}},"3":{"start":{"line":6,"column":18},"end":{"line":6,"column":44}},"4":{"start":{"line":7,"column":21},"end":{"line":7,"column":53}},"5":{"start":{"line":8,"column":19},"end":{"line":8,"column":33}},"6":{"start":{"line":9,"column":4},"end":{"line":12,"column":19}},"7":{"start":{"line":10,"column":6},"end":{"line":10,"column":19}},"8":{"start":{"line":11,"column":9},"end":{"line":12,"column":19}},"9":{"start":{"line":12,"column":6},"end":{"line":12,"column":19}},"10":{"start":{"line":13,"column":4},"end":{"line":18,"column":5}},"11":{"start":{"line":14,"column":19},"end":{"line":14,"column":61}},"12":{"start":{"line":15,"column":20},"end":{"line":15,"column":49}},"13":{"start":{"line":16,"column":6},"end":{"line":17,"column":20}},"14":{"start":{"line":17,"column":8},"end":{"line":17,"column":20}}},"fnMap":{"0":{"name":"deepsearch","decl":{"start":{"line":1,"column":24},"end":{"line":1,"column":34}},"loc":{"start":{"line":1,"column":41},"end":{"line":21,"column":1}}},"1":{"name":"recurse","decl":{"start":{"line":3,"column":18},"end":{"line":3,"column":25}},"loc":{"start":{"line":3,"column":49},"end":{"line":19,"column":3}}}},"branchMap":{"0":{"loc":{"start":{"line":3,"column":36},"end":{"line":3,"column":47}},"type":"default-arg","locations":[{"start":{"line":3,"column":43},"end":{"line":3,"column":47}}]},"1":{"loc":{"start":{"line":7,"column":21},"end":{"line":7,"column":53}},"type":"cond-expr","locations":[{"start":{"line":7,"column":29},"end":{"line":7,"column":33}},{"start":{"line":7,"column":36},"end":{"line":7,"column":53}}]},"2":{"loc":{"start":{"line":9,"column":4},"end":{"line":12,"column":19}},"type":"if","locations":[{"start":{"line":9,"column":4},"end":{"line":12,"column":19}},{"start":{"line":9,"column":4},"end":{"line":12,"column":19}}]},"3":{"loc":{"start":{"line":11,"column":9},"end":{"line":12,"column":19}},"type":"if","locations":[{"start":{"line":11,"column":9},"end":{"line":12,"column":19}},{"start":{"line":11,"column":9},"end":{"line":12,"column":19}}]},"4":{"loc":{"start":{"line":11,"column":13},"end":{"line":11,"column":29}},"type":"binary-expr","locations":[{"start":{"line":11,"column":13},"end":{"line":11,"column":19}},{"start":{"line":11,"column":23},"end":{"line":11,"column":29}}]},"5":{"loc":{"start":{"line":14,"column":19},"end":{"line":14,"column":61}},"type":"cond-expr","locations":[{"start":{"line":14,"column":46},"end":{"line":14,"column":55}},{"start":{"line":14,"column":58},"end":{"line":14,"column":61}}]},"6":{"loc":{"start":{"line":15,"column":38},"end":{"line":15,"column":48}},"type":"binary-expr","locations":[{"start":{"line":15,"column":38},"end":{"line":15,"column":42}},{"start":{"line":15,"column":46},"end":{"line":15,"column":48}}]},"7":{"loc":{"start":{"line":16,"column":6},"end":{"line":17,"column":20}},"type":"if","locations":[{"start":{"line":16,"column":6},"end":{"line":17,"column":20}},{"start":{"line":16,"column":6},"end":{"line":17,"column":20}}]}},"s":{"0":4,"1":244,"2":244,"3":244,"4":244,"5":244,"6":244,"7":2,"8":242,"9":104,"10":138,"11":240,"12":240,"13":240,"14":22},"f":{"0":4,"1":244},"b":{"0":[4],"1":[26,218],"2":[2,242],"3":[104,138],"4":[242,216],"5":[216,24],"6":[240,46],"7":[22,218]},"_coverageSchema":"332fd63041d2c1bcb487cc26dd0d5f7d97098a6c","hash":"46dcec1423348e9c6e23c20aeebd102fdf283ec9"}
,"E:\\source\\angular-runtime-dependency-mapper\\src\\mapper.js": {"path":"E:\\source\\angular-runtime-dependency-mapper\\src\\mapper.js","statementMap":{"0":{"start":{"line":7,"column":47},"end":{"line":12,"column":2}},"1":{"start":{"line":8,"column":23},"end":{"line":10,"column":25}},"2":{"start":{"line":11,"column":2},"end":{"line":11,"column":23}},"3":{"start":{"line":16,"column":2},"end":{"line":31,"column":3}},"4":{"start":{"line":17,"column":66},"end":{"line":17,"column":92}},"5":{"start":{"line":18,"column":25},"end":{"line":21,"column":10}},"6":{"start":{"line":19,"column":18},"end":{"line":19,"column":70}},"7":{"start":{"line":20,"column":6},"end":{"line":20,"column":38}},"8":{"start":{"line":22,"column":20},"end":{"line":25,"column":10}},"9":{"start":{"line":23,"column":18},"end":{"line":23,"column":77}},"10":{"start":{"line":24,"column":6},"end":{"line":24,"column":38}},"11":{"start":{"line":26,"column":4},"end":{"line":30,"column":5}},"12":{"start":{"line":41,"column":2},"end":{"line":61,"column":3}},"13":{"start":{"line":43,"column":20},"end":{"line":43,"column":54}},"14":{"start":{"line":45,"column":25},"end":{"line":57,"column":6}},"15":{"start":{"line":47,"column":23},"end":{"line":47,"column":68}},"16":{"start":{"line":49,"column":23},"end":{"line":49,"column":90}},"17":{"start":{"line":49,"column":51},"end":{"line":49,"column":89}},"18":{"start":{"line":50,"column":28},"end":{"line":55,"column":12}},"19":{"start":{"line":52,"column":30},"end":{"line":52,"column":58}},"20":{"start":{"line":53,"column":30},"end":{"line":53,"column":96}},"21":{"start":{"line":54,"column":8},"end":{"line":54,"column":48}},"22":{"start":{"line":56,"column":6},"end":{"line":56,"column":39}},"23":{"start":{"line":58,"column":4},"end":{"line":58,"column":35}},"24":{"start":{"line":60,"column":4},"end":{"line":60,"column":14}},"25":{"start":{"line":79,"column":24},"end":{"line":79,"column":43}},"26":{"start":{"line":80,"column":14},"end":{"line":80,"column":44}},"27":{"start":{"line":81,"column":15},"end":{"line":89,"column":4}},"28":{"start":{"line":82,"column":4},"end":{"line":88,"column":5}},"29":{"start":{"line":83,"column":6},"end":{"line":87,"column":7}},"30":{"start":{"line":84,"column":8},"end":{"line":86,"column":9}},"31":{"start":{"line":84,"column":38},"end":{"line":84,"column":68}},"32":{"start":{"line":85,"column":10},"end":{"line":85,"column":21}},"33":{"start":{"line":91,"column":15},"end":{"line":91,"column":70}},"34":{"start":{"line":92,"column":2},"end":{"line":92,"column":55}},"35":{"start":{"line":109,"column":21},"end":{"line":109,"column":31}},"36":{"start":{"line":110,"column":15},"end":{"line":110,"column":49}},"37":{"start":{"line":111,"column":22},"end":{"line":111,"column":42}},"38":{"start":{"line":112,"column":22},"end":{"line":112,"column":42}},"39":{"start":{"line":113,"column":2},"end":{"line":120,"column":87}},"40":{"start":{"line":114,"column":4},"end":{"line":114,"column":34}},"41":{"start":{"line":115,"column":7},"end":{"line":120,"column":87}},"42":{"start":{"line":116,"column":4},"end":{"line":116,"column":48}},"43":{"start":{"line":117,"column":7},"end":{"line":120,"column":87}},"44":{"start":{"line":118,"column":4},"end":{"line":118,"column":51}},"45":{"start":{"line":119,"column":7},"end":{"line":120,"column":87}},"46":{"start":{"line":120,"column":4},"end":{"line":120,"column":87}}},"fnMap":{"0":{"name":"(anonymous_0)","decl":{"start":{"line":7,"column":15},"end":{"line":7,"column":16}},"loc":{"start":{"line":7,"column":47},"end":{"line":12,"column":2}}},"1":{"name":"(anonymous_1)","decl":{"start":{"line":7,"column":59},"end":{"line":7,"column":60}},"loc":{"start":{"line":7,"column":80},"end":{"line":12,"column":1}}},"2":{"name":"reduceModules","decl":{"start":{"line":15,"column":9},"end":{"line":15,"column":22}},"loc":{"start":{"line":15,"column":32},"end":{"line":32,"column":1}}},"3":{"name":"(anonymous_3)","decl":{"start":{"line":16,"column":9},"end":{"line":16,"column":10}},"loc":{"start":{"line":16,"column":30},"end":{"line":31,"column":3}}},"4":{"name":"(anonymous_4)","decl":{"start":{"line":18,"column":46},"end":{"line":18,"column":47}},"loc":{"start":{"line":18,"column":61},"end":{"line":21,"column":5}}},"5":{"name":"(anonymous_5)","decl":{"start":{"line":22,"column":40},"end":{"line":22,"column":41}},"loc":{"start":{"line":22,"column":55},"end":{"line":25,"column":5}}},"6":{"name":"mapDependencies","decl":{"start":{"line":40,"column":9},"end":{"line":40,"column":24}},"loc":{"start":{"line":40,"column":43},"end":{"line":62,"column":1}}},"7":{"name":"(anonymous_7)","decl":{"start":{"line":45,"column":43},"end":{"line":45,"column":44}},"loc":{"start":{"line":45,"column":58},"end":{"line":57,"column":5}}},"8":{"name":"(anonymous_8)","decl":{"start":{"line":49,"column":46},"end":{"line":49,"column":47}},"loc":{"start":{"line":49,"column":51},"end":{"line":49,"column":89}}},"9":{"name":"(anonymous_9)","decl":{"start":{"line":50,"column":40},"end":{"line":50,"column":41}},"loc":{"start":{"line":50,"column":55},"end":{"line":55,"column":7}}},"10":{"name":"reduceConfigBlocks","decl":{"start":{"line":78,"column":9},"end":{"line":78,"column":27}},"loc":{"start":{"line":78,"column":58},"end":{"line":93,"column":1}}},"11":{"name":"(anonymous_11)","decl":{"start":{"line":81,"column":31},"end":{"line":81,"column":32}},"loc":{"start":{"line":81,"column":41},"end":{"line":89,"column":3}}},"12":{"name":"(anonymous_12)","decl":{"start":{"line":84,"column":33},"end":{"line":84,"column":34}},"loc":{"start":{"line":84,"column":38},"end":{"line":84,"column":68}}},"13":{"name":"reduceInvokeQueue","decl":{"start":{"line":108,"column":9},"end":{"line":108,"column":26}},"loc":{"start":{"line":108,"column":60},"end":{"line":121,"column":1}}}},"branchMap":{"0":{"loc":{"start":{"line":20,"column":13},"end":{"line":20,"column":38}},"type":"cond-expr","locations":[{"start":{"line":20,"column":19},"end":{"line":20,"column":32}},{"start":{"line":20,"column":35},"end":{"line":20,"column":38}}]},"1":{"loc":{"start":{"line":24,"column":13},"end":{"line":24,"column":38}},"type":"cond-expr","locations":[{"start":{"line":24,"column":19},"end":{"line":24,"column":32}},{"start":{"line":24,"column":35},"end":{"line":24,"column":38}}]},"2":{"loc":{"start":{"line":41,"column":2},"end":{"line":61,"column":3}},"type":"if","locations":[{"start":{"line":41,"column":2},"end":{"line":61,"column":3}},{"start":{"line":41,"column":2},"end":{"line":61,"column":3}}]},"3":{"loc":{"start":{"line":49,"column":24},"end":{"line":49,"column":40}},"type":"binary-expr","locations":[{"start":{"line":49,"column":24},"end":{"line":49,"column":34}},{"start":{"line":49,"column":38},"end":{"line":49,"column":40}}]},"4":{"loc":{"start":{"line":52,"column":31},"end":{"line":52,"column":43}},"type":"binary-expr","locations":[{"start":{"line":52,"column":31},"end":{"line":52,"column":37}},{"start":{"line":52,"column":41},"end":{"line":52,"column":43}}]},"5":{"loc":{"start":{"line":53,"column":30},"end":{"line":53,"column":96}},"type":"binary-expr","locations":[{"start":{"line":53,"column":30},"end":{"line":53,"column":56}},{"start":{"line":53,"column":60},"end":{"line":53,"column":96}}]},"6":{"loc":{"start":{"line":54,"column":15},"end":{"line":54,"column":48}},"type":"cond-expr","locations":[{"start":{"line":54,"column":31},"end":{"line":54,"column":42}},{"start":{"line":54,"column":45},"end":{"line":54,"column":48}}]},"7":{"loc":{"start":{"line":82,"column":4},"end":{"line":88,"column":5}},"type":"if","locations":[{"start":{"line":82,"column":4},"end":{"line":88,"column":5}},{"start":{"line":82,"column":4},"end":{"line":88,"column":5}}]},"8":{"loc":{"start":{"line":83,"column":6},"end":{"line":87,"column":7}},"type":"if","locations":[{"start":{"line":83,"column":6},"end":{"line":87,"column":7}},{"start":{"line":83,"column":6},"end":{"line":87,"column":7}}]},"9":{"loc":{"start":{"line":84,"column":8},"end":{"line":86,"column":9}},"type":"if","locations":[{"start":{"line":84,"column":8},"end":{"line":86,"column":9}},{"start":{"line":84,"column":8},"end":{"line":86,"column":9}}]},"10":{"loc":{"start":{"line":91,"column":15},"end":{"line":91,"column":70}},"type":"cond-expr","locations":[{"start":{"line":91,"column":23},"end":{"line":91,"column":25}},{"start":{"line":91,"column":28},"end":{"line":91,"column":70}}]},"11":{"loc":{"start":{"line":113,"column":2},"end":{"line":120,"column":87}},"type":"if","locations":[{"start":{"line":113,"column":2},"end":{"line":120,"column":87}},{"start":{"line":113,"column":2},"end":{"line":120,"column":87}}]},"12":{"loc":{"start":{"line":115,"column":7},"end":{"line":120,"column":87}},"type":"if","locations":[{"start":{"line":115,"column":7},"end":{"line":120,"column":87}},{"start":{"line":115,"column":7},"end":{"line":120,"column":87}}]},"13":{"loc":{"start":{"line":115,"column":11},"end":{"line":115,"column":58}},"type":"binary-expr","locations":[{"start":{"line":115,"column":11},"end":{"line":115,"column":22}},{"start":{"line":115,"column":26},"end":{"line":115,"column":58}}]},"14":{"loc":{"start":{"line":117,"column":7},"end":{"line":120,"column":87}},"type":"if","locations":[{"start":{"line":117,"column":7},"end":{"line":120,"column":87}},{"start":{"line":117,"column":7},"end":{"line":120,"column":87}}]},"15":{"loc":{"start":{"line":117,"column":11},"end":{"line":117,"column":49}},"type":"binary-expr","locations":[{"start":{"line":117,"column":11},"end":{"line":117,"column":22}},{"start":{"line":117,"column":26},"end":{"line":117,"column":49}}]},"16":{"loc":{"start":{"line":119,"column":7},"end":{"line":120,"column":87}},"type":"if","locations":[{"start":{"line":119,"column":7},"end":{"line":120,"column":87}},{"start":{"line":119,"column":7},"end":{"line":120,"column":87}}]},"17":{"loc":{"start":{"line":119,"column":11},"end":{"line":119,"column":47}},"type":"binary-expr","locations":[{"start":{"line":119,"column":11},"end":{"line":119,"column":22}},{"start":{"line":119,"column":26},"end":{"line":119,"column":47}}]}},"s":{"0":4,"1":4,"2":4,"3":4,"4":4,"5":4,"6":4,"7":4,"8":4,"9":22,"10":22,"11":4,"12":16,"13":12,"14":12,"15":128,"16":128,"17":4,"18":128,"19":656,"20":656,"21":656,"22":128,"23":12,"24":4,"25":4,"26":4,"27":4,"28":244,"29":244,"30":6,"31":12,"32":2,"33":4,"34":4,"35":22,"36":22,"37":22,"38":22,"39":22,"40":8,"41":14,"42":2,"43":12,"44":0,"45":12,"46":2},"f":{"0":4,"1":4,"2":4,"3":4,"4":4,"5":22,"6":16,"7":128,"8":4,"9":656,"10":4,"11":244,"12":12,"13":22},"b":{"0":[4,0],"1":[12,10],"2":[12,4],"3":[128,60],"4":[656,128],"5":[656,650],"6":[10,646],"7":[244,0],"8":[6,238],"9":[2,4],"10":[2,2],"11":[8,14],"12":[2,12],"13":[14,4],"14":[0,12],"15":[12,2],"16":[2,10],"17":[12,2]},"_coverageSchema":"332fd63041d2c1bcb487cc26dd0d5f7d97098a6c","hash":"02af110122111628ef2509acc44d4d42077d6bde"}
,"E:\\source\\angular-runtime-dependency-mapper\\src\\traverse.js": {"path":"E:\\source\\angular-runtime-dependency-mapper\\src\\traverse.js","statementMap":{"0":{"start":{"line":3,"column":2},"end":{"line":12,"column":3}},"1":{"start":{"line":4,"column":21},"end":{"line":4,"column":41}},"2":{"start":{"line":5,"column":4},"end":{"line":11,"column":5}},"3":{"start":{"line":6,"column":6},"end":{"line":8,"column":18}},"4":{"start":{"line":7,"column":8},"end":{"line":7,"column":44}},"5":{"start":{"line":10,"column":6},"end":{"line":10,"column":21}}},"fnMap":{"0":{"name":"traverse","decl":{"start":{"line":1,"column":24},"end":{"line":1,"column":32}},"loc":{"start":{"line":1,"column":39},"end":{"line":14,"column":1}}},"1":{"name":"recurse","decl":{"start":{"line":3,"column":18},"end":{"line":3,"column":25}},"loc":{"start":{"line":3,"column":60},"end":{"line":12,"column":3}}},"2":{"name":"(anonymous_2)","decl":{"start":{"line":6,"column":36},"end":{"line":6,"column":37}},"loc":{"start":{"line":6,"column":52},"end":{"line":8,"column":7}}}},"branchMap":{"0":{"loc":{"start":{"line":3,"column":36},"end":{"line":3,"column":47}},"type":"default-arg","locations":[{"start":{"line":3,"column":43},"end":{"line":3,"column":47}}]},"1":{"loc":{"start":{"line":3,"column":49},"end":{"line":3,"column":58}},"type":"default-arg","locations":[{"start":{"line":3,"column":56},"end":{"line":3,"column":58}}]},"2":{"loc":{"start":{"line":5,"column":4},"end":{"line":11,"column":5}},"type":"if","locations":[{"start":{"line":5,"column":4},"end":{"line":11,"column":5}},{"start":{"line":5,"column":4},"end":{"line":11,"column":5}}]}},"s":{"0":12,"1":128,"2":128,"3":80,"4":116,"5":48},"f":{"0":12,"1":128,"2":116},"b":{"0":[12],"1":[12],"2":[80,48]},"_coverageSchema":"332fd63041d2c1bcb487cc26dd0d5f7d97098a6c","hash":"9299d53dcdf4c21283dc3269b751f721ee9d662d"}
}
