TN:
SF:E:\source\angular-runtime-dependency-mapper\src\deepsearch.js
FN:1,deepsearch
FN:3,recurse
FNF:2
FNH:2
FNDA:4,deepsearch
FNDA:244,recurse
DA:3,4
DA:4,244
DA:5,244
DA:6,244
DA:7,244
DA:8,244
DA:9,244
DA:10,2
DA:11,242
DA:12,104
DA:13,138
DA:14,240
DA:15,240
DA:16,240
DA:17,22
LF:15
LH:15
BRDA:3,0,0,4
BRDA:7,1,0,26
BRDA:7,1,1,218
BRDA:9,2,0,2
BRDA:9,2,1,242
BRDA:11,3,0,104
BRDA:11,3,1,138
BRDA:11,4,0,242
BRDA:11,4,1,216
BRDA:14,5,0,216
BRDA:14,5,1,24
BRDA:15,6,0,240
BRDA:15,6,1,46
BRDA:16,7,0,22
BRDA:16,7,1,218
BRF:15
BRH:15
end_of_record
TN:
SF:E:\source\angular-runtime-dependency-mapper\src\mapper.js
FN:14,(anonymous_0)
FN:14,(anonymous_1)
FN:16,(anonymous_2)
FN:28,reduceModules
FN:30,(anonymous_4)
FN:34,(anonymous_5)
FN:40,(anonymous_6)
FN:41,(anonymous_7)
FN:57,mapDependencies
FN:62,(anonymous_9)
FN:66,(anonymous_10)
FN:67,(anonymous_11)
FN:88,mapDependers
FN:89,(anonymous_13)
FN:110,reduceConfigBlocks
FN:113,(anonymous_15)
FN:117,(anonymous_16)
FN:141,reduceInvokeQueue
FNF:18
FNH:18
FNDA:4,(anonymous_0)
FNDA:4,(anonymous_1)
FNDA:4,(anonymous_2)
FNDA:8,reduceModules
FNDA:4,(anonymous_4)
FNDA:34,(anonymous_5)
FNDA:4,(anonymous_6)
FNDA:4,(anonymous_7)
FNDA:28,mapDependencies
FNDA:200,(anonymous_9)
FNDA:8,(anonymous_10)
FNDA:1400,(anonymous_11)
FNDA:28,mapDependers
FNDA:200,(anonymous_13)
FNDA:4,reduceConfigBlocks
FNDA:244,(anonymous_15)
FNDA:12,(anonymous_16)
FNDA:34,reduceInvokeQueue
DA:14,4
DA:15,4
DA:16,4
DA:19,4
DA:29,8
DA:30,8
DA:31,4
DA:32,4
DA:34,8
DA:35,34
DA:36,34
DA:39,8
DA:40,4
DA:41,4
DA:42,8
DA:58,28
DA:60,24
DA:62,24
DA:64,200
DA:66,200
DA:67,200
DA:69,1400
DA:70,1400
DA:71,1400
DA:73,200
DA:75,24
DA:77,4
DA:89,28
DA:90,200
DA:91,200
DA:93,28
DA:111,4
DA:112,4
DA:113,4
DA:114,244
DA:116,244
DA:117,12
DA:118,2
DA:124,4
DA:125,4
DA:142,34
DA:143,34
DA:144,34
DA:145,34
DA:146,34
DA:147,18
DA:148,16
DA:149,2
DA:150,14
DA:151,0
DA:152,14
DA:153,4
LF:52
LH:51
BRDA:32,0,0,4
BRDA:32,0,1,0
BRDA:36,1,0,24
BRDA:36,1,1,10
BRDA:58,2,0,24
BRDA:58,2,1,4
BRDA:66,3,0,200
BRDA:66,3,1,84
BRDA:69,4,0,1400
BRDA:69,4,1,200
BRDA:70,5,0,1400
BRDA:70,5,1,1388
BRDA:71,6,0,20
BRDA:71,6,1,1380
BRDA:90,7,0,200
BRDA:90,7,1,28
BRDA:91,8,0,180
BRDA:91,8,1,20
BRDA:114,9,0,244
BRDA:114,9,1,0
BRDA:116,10,0,6
BRDA:116,10,1,238
BRDA:117,11,0,2
BRDA:117,11,1,4
BRDA:124,12,0,2
BRDA:124,12,1,2
BRDA:146,13,0,18
BRDA:146,13,1,16
BRDA:148,14,0,2
BRDA:148,14,1,14
BRDA:148,15,0,16
BRDA:148,15,1,6
BRDA:150,16,0,0
BRDA:150,16,1,14
BRDA:150,17,0,14
BRDA:150,17,1,4
BRDA:152,18,0,4
BRDA:152,18,1,10
BRDA:152,19,0,14
BRDA:152,19,1,4
BRF:40
BRH:37
end_of_record
TN:
SF:E:\source\angular-runtime-dependency-mapper\src\traverse.js
FN:1,traverse
FN:3,recurse
FN:6,(anonymous_2)
FNF:3
FNH:3
FNDA:24,traverse
FNDA:200,recurse
FNDA:176,(anonymous_2)
DA:3,24
DA:4,200
DA:5,200
DA:6,140
DA:7,176
DA:10,60
LF:6
LH:6
BRDA:3,0,0,24
BRDA:3,1,0,24
BRDA:5,2,0,140
BRDA:5,2,1,60
BRF:4
BRH:4
end_of_record
