TN:
SF:E:\source\angular-runtime-dependency-mapper\src\deepsearch.js
FN:1,deepsearch
FN:3,recurse
FNF:2
FNH:2
FNDA:4,deepsearch
FNDA:244,recurse
DA:3,4
DA:4,244
DA:5,244
DA:6,244
DA:7,244
DA:8,244
DA:9,244
DA:10,2
DA:11,242
DA:12,104
DA:13,138
DA:14,240
DA:15,240
DA:16,240
DA:17,22
LF:15
LH:15
BRDA:3,0,0,4
BRDA:7,1,0,26
BRDA:7,1,1,218
BRDA:9,2,0,2
BRDA:9,2,1,242
BRDA:11,3,0,104
BRDA:11,3,1,138
BRDA:11,4,0,242
BRDA:11,4,1,216
BRDA:14,5,0,216
BRDA:14,5,1,24
BRDA:15,6,0,240
BRDA:15,6,1,46
BRDA:16,7,0,22
BRDA:16,7,1,218
BRF:15
BRH:15
end_of_record
TN:
SF:E:\source\angular-runtime-dependency-mapper\src\mapper.js
FN:14,(anonymous_0)
FN:14,(anonymous_1)
FN:16,(anonymous_2)
FN:28,reduceModules
FN:30,(anonymous_4)
FN:34,(anonymous_5)
FN:40,(anonymous_6)
FN:41,(anonymous_7)
FN:57,mapDependencies
FN:62,(anonymous_9)
FN:66,(anonymous_10)
FN:67,(anonymous_11)
FN:88,mapDependers
FN:89,(anonymous_13)
FN:110,reduceConfigBlocks
FN:113,(anonymous_15)
FN:117,(anonymous_16)
FN:141,reduceInvokeQueue
FNF:18
FNH:18
FNDA:6,(anonymous_0)
FNDA:6,(anonymous_1)
FNDA:6,(anonymous_2)
FNDA:18,reduceModules
FNDA:4,(anonymous_4)
FNDA:44,(anonymous_5)
FNDA:12,(anonymous_6)
FNDA:12,(anonymous_7)
FNDA:36,mapDependencies
FNDA:314,(anonymous_9)
FNDA:20,(anonymous_10)
FNDA:1856,(anonymous_11)
FNDA:36,mapDependers
FNDA:232,(anonymous_13)
FNDA:4,reduceConfigBlocks
FNDA:244,(anonymous_15)
FNDA:12,(anonymous_16)
FNDA:44,reduceInvokeQueue
DA:14,6
DA:15,6
DA:16,6
DA:19,6
DA:29,18
DA:30,18
DA:31,4
DA:32,4
DA:34,18
DA:35,44
DA:36,44
DA:39,18
DA:40,12
DA:41,12
DA:42,18
DA:58,36
DA:60,32
DA:62,32
DA:64,314
DA:66,314
DA:67,314
DA:69,1856
DA:70,1856
DA:71,1856
DA:73,314
DA:75,32
DA:77,4
DA:89,36
DA:90,232
DA:91,232
DA:93,36
DA:111,4
DA:112,4
DA:113,4
DA:114,244
DA:116,244
DA:117,12
DA:118,2
DA:124,4
DA:125,4
DA:142,44
DA:143,44
DA:144,44
DA:145,44
DA:146,44
DA:147,26
DA:148,18
DA:149,2
DA:150,16
DA:151,0
DA:152,16
DA:153,4
LF:52
LH:51
BRDA:28,0,0,0
BRDA:32,1,0,4
BRDA:32,1,1,0
BRDA:36,2,0,32
BRDA:36,2,1,12
BRDA:58,3,0,32
BRDA:58,3,1,4
BRDA:66,4,0,314
BRDA:66,4,1,142
BRDA:69,5,0,1856
BRDA:69,5,1,200
BRDA:70,6,0,1856
BRDA:70,6,1,1836
BRDA:71,7,0,28
BRDA:71,7,1,1828
BRDA:90,8,0,232
BRDA:90,8,1,28
BRDA:91,9,0,204
BRDA:91,9,1,28
BRDA:114,10,0,244
BRDA:114,10,1,0
BRDA:116,11,0,6
BRDA:116,11,1,238
BRDA:117,12,0,2
BRDA:117,12,1,4
BRDA:124,13,0,2
BRDA:124,13,1,2
BRDA:146,14,0,26
BRDA:146,14,1,18
BRDA:148,15,0,2
BRDA:148,15,1,16
BRDA:148,16,0,18
BRDA:148,16,1,6
BRDA:150,17,0,0
BRDA:150,17,1,16
BRDA:150,18,0,16
BRDA:150,18,1,4
BRDA:152,19,0,4
BRDA:152,19,1,12
BRDA:152,20,0,16
BRDA:152,20,1,4
BRF:41
BRH:37
end_of_record
TN:
SF:E:\source\angular-runtime-dependency-mapper\src\traverse.js
FN:1,traverse
FN:3,recurse
FN:6,(anonymous_2)
FNF:3
FNH:3
FNDA:32,traverse
FNDA:314,recurse
FNDA:282,(anonymous_2)
DA:3,32
DA:4,314
DA:5,314
DA:6,204
DA:7,282
DA:10,110
LF:6
LH:6
BRDA:3,0,0,32
BRDA:3,1,0,32
BRDA:5,2,0,204
BRDA:5,2,1,110
BRF:4
BRH:4
end_of_record
